GROUP,PACKAGE,CLASS,INSTRUCTION_MISSED,INSTRUCTION_COVERED,BRANCH_MISSED,BRANCH_COVERED,LINE_MISSED,LINE_COVERED,COMPLEXITY_MISSED,COMPLEXITY_COVERED,METHOD_MISSED,METHOD_COVERED
autorizacaoPagamentoV1,com.ufes.autorizacaopagamento.business.excecoes,SuperioresIndisponiveisException,0,4,0,0,0,2,0,1,0,1
autorizacaoPagamentoV1,com.ufes.autorizacaopagamento.business.excecoes,TratadoresVazioException,0,4,0,0,0,2,0,1,0,1
autorizacaoPagamentoV1,com.ufes.autorizacaopagamento.business,GerenteImediato,0,17,1,3,0,4,1,4,0,3
autorizacaoPagamentoV1,com.ufes.autorizacaopagamento.business,SuperiorHierarquico,0,14,0,0,0,5,0,3,0,3
autorizacaoPagamentoV1,com.ufes.autorizacaopagamento.business,DiretorGeral,0,21,2,4,0,4,2,4,0,3
autorizacaoPagamentoV1,com.ufes.autorizacaopagamento.business,ProcessaPagamentoService,0,108,0,16,0,25,0,11,0,3
autorizacaoPagamentoV1,com.ufes.autorizacaopagamento.business,GerenteGeral,0,21,2,4,0,4,2,4,0,3
autorizacaoPagamentoV1,com.ufes.autorizacaopagamento.business,DiretorFinanceiro,0,21,2,4,0,4,2,4,0,3
