<?xml version="1.0" encoding="UTF-8"?>
<testsuite xmlns:xsi="http://www.w3.org/2001/XMLSchema-instance" xsi:noNamespaceSchemaLocation="https://maven.apache.org/surefire/maven-surefire-plugin/xsd/surefire-test-report.xsd" name="autorizacaoPagamentoV2.ProcessaPagamentoServiceTest" time="0.109" tests="9" errors="0" skipped="0" failures="0">
  <properties>
[...]
</properties>
  <testcase name="testTratadorNulo" classname="autorizacaoPagamentoV2.ProcessaPagamentoServiceTest" time="0.062"/>
  <testcase name="testSuperioresVazio" classname="autorizacaoPagamentoV2.ProcessaPagamentoServiceTest" time="0"/>
  <testcase name="testGerenteGeral" classname="autorizacaoPagamentoV2.ProcessaPagamentoServiceTest" time="0.016"/>
  <testcase name="todosInativos" classname="autorizacaoPagamentoV2.ProcessaPagamentoServiceTest" time="0"/>
  <testcase name="testValorNegativo" classname="autorizacaoPagamentoV2.ProcessaPagamentoServiceTest" time="0"/>
  <testcase name="testDiretorGeral" classname="autorizacaoPagamentoV2.ProcessaPagamentoServiceTest" time="0"/>
  <testcase name="testDiretorFinanceiro" classname="autorizacaoPagamentoV2.ProcessaPagamentoServiceTest" time="0"/>
  <testcase name="testValorMaiorQuinzeMil" classname="autorizacaoPagamentoV2.ProcessaPagamentoServiceTest" time="0"/>
  <testcase name="testGerenteImediato" classname="autorizacaoPagamentoV2.ProcessaPagamentoServiceTest" time="0"/>
</testsuite>